<?xml version="1.0" encoding="UTF-8"?>
<testng-results ignored="0" total="3" passed="3" failed="0" skipped="0">
  <reporter-output>
  </reporter-output>
  <suite started-at="2025-02-09T13:19:43 IST" name="Default suite" finished-at="2025-02-09T13:24:04 IST" duration-ms="261259">
    <groups>
    </groups>
    <test started-at="2025-02-09T13:19:43 IST" name="Default test" finished-at="2025-02-09T13:24:04 IST" duration-ms="261259">
      <class name="testcases.Login">
        <test-method is-config="true" signature="setup()[pri:0, instance:testcases.Login@6cc558c6]" started-at="2025-02-09T13:19:46 IST" name="setup" finished-at="2025-02-09T13:21:43 IST" duration-ms="117017" status="PASS">
          <reporter-output>
          </reporter-output>
        </test-method> <!-- setup -->
        <test-method signature="verifyLoginWithValidCredentials(java.lang.String,java.lang.String)[pri:1, instance:testcases.Login@6cc558c6]" started-at="2025-02-09T13:21:43 IST" name="verifyLoginWithValidCredentials" data-provider="validCredentialSupplier" finished-at="2025-02-09T13:21:50 IST" duration-ms="7017" status="PASS">
          <params>
            <param index="0">
              <value>
                <![CDATA[Arunmotooricap9@gmail.com]]>
              </value>
            </param>
            <param index="1">
              <value>
                <![CDATA[12345]]>
              </value>
            </param>
          </params>
          <reporter-output>
          </reporter-output>
        </test-method> <!-- verifyLoginWithValidCredentials -->
        <test-method is-config="true" signature="teardown()[pri:0, instance:testcases.Login@6cc558c6]" started-at="2025-02-09T13:21:50 IST" name="teardown" finished-at="2025-02-09T13:21:58 IST" duration-ms="7641" status="PASS">
          <reporter-output>
          </reporter-output>
        </test-method> <!-- teardown -->
        <test-method is-config="true" signature="setup()[pri:0, instance:testcases.Login@6cc558c6]" started-at="2025-02-09T13:21:58 IST" name="setup" finished-at="2025-02-09T13:22:51 IST" duration-ms="52707" status="PASS">
          <reporter-output>
          </reporter-output>
        </test-method> <!-- setup -->
        <test-method signature="verifyLoginWithValidCredentials(java.lang.String,java.lang.String)[pri:1, instance:testcases.Login@6cc558c6]" started-at="2025-02-09T13:22:51 IST" name="verifyLoginWithValidCredentials" data-provider="validCredentialSupplier" finished-at="2025-02-09T13:22:58 IST" duration-ms="7394" status="PASS">
          <params>
            <param index="0">
              <value>
                <![CDATA[Arunmotooricap1@gmail.com]]>
              </value>
            </param>
            <param index="1">
              <value>
                <![CDATA[12345]]>
              </value>
            </param>
          </params>
          <reporter-output>
          </reporter-output>
        </test-method> <!-- verifyLoginWithValidCredentials -->
        <test-method is-config="true" signature="teardown()[pri:0, instance:testcases.Login@6cc558c6]" started-at="2025-02-09T13:22:58 IST" name="teardown" finished-at="2025-02-09T13:23:06 IST" duration-ms="7943" status="PASS">
          <reporter-output>
          </reporter-output>
        </test-method> <!-- teardown -->
        <test-method is-config="true" signature="setup()[pri:0, instance:testcases.Login@6cc558c6]" started-at="2025-02-09T13:23:06 IST" name="setup" finished-at="2025-02-09T13:23:50 IST" duration-ms="44181" status="PASS">
          <reporter-output>
          </reporter-output>
        </test-method> <!-- setup -->
        <test-method signature="verifyLoginWithValidCredentials(java.lang.String,java.lang.String)[pri:1, instance:testcases.Login@6cc558c6]" started-at="2025-02-09T13:23:50 IST" name="verifyLoginWithValidCredentials" data-provider="validCredentialSupplier" finished-at="2025-02-09T13:23:55 IST" duration-ms="4910" status="PASS">
          <params>
            <param index="0">
              <value>
                <![CDATA[Arunmotooricap3@gmail.com]]>
              </value>
            </param>
            <param index="1">
              <value>
                <![CDATA[12345]]>
              </value>
            </param>
          </params>
          <reporter-output>
          </reporter-output>
        </test-method> <!-- verifyLoginWithValidCredentials -->
        <test-method is-config="true" signature="teardown()[pri:0, instance:testcases.Login@6cc558c6]" started-at="2025-02-09T13:23:55 IST" name="teardown" finished-at="2025-02-09T13:24:04 IST" duration-ms="8575" status="PASS">
          <reporter-output>
          </reporter-output>
        </test-method> <!-- teardown -->
      </class> <!-- testcases.Login -->
    </test> <!-- Default test -->
  </suite> <!-- Default suite -->
</testng-results>
