<?xml version="1.0" encoding="UTF-8"?>
<!-- Generated by org.testng.reporters.JUnitXMLReporter -->
<testsuite ignored="0" hostname="DESKTOP-FSUE9QU" failures="0" tests="7" name="Test" time="271.805" errors="0" timestamp="2025-02-09T12:38:03 IST">
  <testcase classname="testcases.Login" name="verifyLoginWithValidCredentials" time="6.081"/>
  <testcase classname="testcases.Login" name="verifyLoginWithValidCredentials" time="1.12"/>
  <testcase classname="testcases.Login" name="verifyLoginWithValidCredentials" time="1.076"/>
  <testcase classname="testcases.Login" name="verifyLoginWithInvalidCredentials" time="2.012"/>
  <testcase classname="testcases.Login" name="verifyLoginWithInvalidEmailAndValidPassword" time="0.775"/>
  <testcase classname="testcases.Login" name="verifyLoginWithValidEmailAndInvalidPassword" time="0.711"/>
  <testcase classname="testcases.Login" name="verifyLoginWithoutProvidingCredentials" time="0.674"/>
</testsuite> <!-- Test -->
