<?xml version="1.0" encoding="UTF-8"?>
<!-- Generated by org.testng.reporters.JUnitXMLReporter -->
<testsuite ignored="0" hostname="DESKTOP-FSUE9QU" failures="0" tests="7" name="Login Test" time="144.081" errors="0" timestamp="2025-02-09T12:42:34 IST">
  <testcase classname="testcases.Login" name="verifyLoginWithValidCredentials" time="3.992"/>
  <testcase classname="testcases.Login" name="verifyLoginWithValidCredentials" time="1.147"/>
  <testcase classname="testcases.Login" name="verifyLoginWithValidCredentials" time="1.129"/>
  <testcase classname="testcases.Login" name="verifyLoginWithInvalidCredentials" time="1.641"/>
  <testcase classname="testcases.Login" name="verifyLoginWithInvalidEmailAndValidPassword" time="0.697"/>
  <testcase classname="testcases.Login" name="verifyLoginWithValidEmailAndInvalidPassword" time="0.748"/>
  <testcase classname="testcases.Login" name="verifyLoginWithoutProvidingCredentials" time="0.55"/>
</testsuite> <!-- Login Test -->
