<?xml version="1.0" encoding="UTF-8"?>
<!-- Generated by org.testng.reporters.JUnitXMLReporter -->
<testsuite ignored="4" hostname="DESKTOP-FSUE9QU" failures="0" tests="3" name="Default test" time="261.259" errors="0" timestamp="2025-02-09T13:24:04 IST">
  <testcase classname="testcases.Login" name="verifyLoginWithValidCredentials" time="7.017"/>
  <testcase classname="testcases.Login" name="verifyLoginWithValidCredentials" time="7.394"/>
  <testcase classname="testcases.Login" name="verifyLoginWithValidCredentials" time="4.91"/>
  <testcase classname="testcases.Login" name="verifyLoginWithoutProvidingCredentials" time="0.0">
    <ignored/>
  </testcase> <!-- verifyLoginWithoutProvidingCredentials -->
  <testcase classname="testcases.Login" name="verifyLoginWithInvalidCredentials" time="0.0">
    <ignored/>
  </testcase> <!-- verifyLoginWithInvalidCredentials -->
  <testcase classname="testcases.Login" name="verifyLoginWithInvalidEmailAndValidPassword" time="0.0">
    <ignored/>
  </testcase> <!-- verifyLoginWithInvalidEmailAndValidPassword -->
  <testcase classname="testcases.Login" name="verifyLoginWithValidEmailAndInvalidPassword" time="0.0">
    <ignored/>
  </testcase> <!-- verifyLoginWithValidEmailAndInvalidPassword -->
</testsuite> <!-- Default test -->
